TN:
SF:src/app.js
FNF:0
FNH:0
DA:1,3
DA:2,3
DA:3,3
DA:5,3
DA:6,3
DA:7,3
DA:10,3
DA:11,3
DA:12,3
DA:14,3
DA:15,3
DA:17,3
DA:19,3
DA:22,3
DA:23,3
DA:25,3
DA:26,3
DA:27,3
DA:34,3
DA:35,3
DA:37,3
DA:38,3
DA:39,3
DA:41,3
LF:24
LH:24
BRF:0
BRH:0
end_of_record
TN:
SF:src/employee.js
FN:72,(anonymous_0)
FN:83,(anonymous_1)
FN:95,(anonymous_2)
FN:99,(anonymous_3)
FN:104,(anonymous_4)
FNF:5
FNH:3
FNDA:3,(anonymous_0)
FNDA:0,(anonymous_1)
FNDA:1,(anonymous_2)
FNDA:0,(anonymous_3)
FNDA:1,(anonymous_4)
DA:1,4
DA:2,4
DA:3,4
DA:60,4
DA:70,4
DA:72,4
DA:73,3
DA:74,1
DA:75,1
DA:77,2
DA:78,1
DA:79,1
DA:81,1
DA:83,4
DA:84,0
DA:85,0
DA:91,0
DA:92,0
DA:93,0
DA:95,4
DA:96,1
DA:98,1
DA:99,1
DA:100,1
DA:101,1
DA:102,1
DA:104,4
DA:105,1
DA:107,1
DA:108,1
DA:109,1
DA:110,1
DA:119,4
LF:33
LH:28
BRDA:73,0,0,1
BRDA:73,0,1,2
BRDA:77,1,0,1
BRDA:77,1,1,1
BRF:4
BRH:4
end_of_record
TN:
SF:src/task-reporter.js
FN:4,(anonymous_0)
FNF:1
FNH:1
FNDA:1,(anonymous_0)
DA:1,4
DA:2,4
DA:4,4
DA:5,1
DA:6,1
DA:7,1
DA:8,1
DA:11,4
LF:8
LH:8
BRDA:5,0,0,1
BRDA:5,0,1,0
BRF:2
BRH:1
end_of_record
TN:
SF:src/task.js
FN:49,(anonymous_0)
FN:52,(anonymous_1)
FNF:2
FNH:1
FNDA:5,(anonymous_0)
FNDA:0,(anonymous_1)
DA:33,4
DA:34,4
DA:36,4
DA:48,4
DA:49,4
DA:51,5
DA:52,0
DA:54,5
DA:55,5
DA:64,4
LF:10
LH:9
BRDA:51,0,0,0
BRDA:51,0,1,5
BRDA:51,1,0,5
BRDA:51,1,1,5
BRDA:51,1,2,0
BRDA:54,2,0,0
BRDA:54,2,1,5
BRDA:54,3,0,5
BRDA:54,3,1,0
BRDA:58,4,0,2
BRDA:58,4,1,3
BRF:11
BRH:7
end_of_record
TN:
SF:src/routes/employees.js
FN:6,(anonymous_0)
FN:10,(anonymous_1)
FN:24,(anonymous_2)
FN:28,(anonymous_3)
FN:33,(anonymous_4)
FN:41,(anonymous_5)
FN:50,(anonymous_6)
FN:73,(anonymous_7)
FNF:8
FNH:7
FNDA:1,(anonymous_0)
FNDA:2,(anonymous_1)
FNDA:1,(anonymous_2)
FNDA:1,(anonymous_3)
FNDA:0,(anonymous_4)
FNDA:1,(anonymous_5)
FNDA:3,(anonymous_6)
FNDA:1,(anonymous_7)
DA:1,3
DA:3,3
DA:4,3
DA:6,3
DA:7,1
DA:8,1
DA:9,1
DA:10,2
DA:19,0
DA:24,3
DA:25,1
DA:26,1
DA:27,1
DA:28,1
DA:33,0
DA:37,0
DA:41,3
DA:42,1
DA:43,1
DA:44,1
DA:46,0
DA:50,3
DA:51,3
DA:52,3
DA:53,3
DA:54,1
DA:56,2
DA:57,2
DA:58,2
DA:59,1
DA:61,1
DA:62,1
DA:69,0
DA:73,3
DA:74,1
DA:75,1
DA:76,1
DA:77,1
DA:78,0
DA:80,1
DA:81,0
DA:83,1
DA:84,1
DA:89,0
DA:93,3
LF:45
LH:37
BRDA:53,0,0,1
BRDA:53,0,1,2
BRDA:58,1,0,1
BRDA:58,1,1,1
BRDA:77,2,0,0
BRDA:77,2,1,1
BRDA:80,3,0,0
BRDA:80,3,1,1
BRF:8
BRH:6
end_of_record
TN:
SF:src/routes/index.js
FN:7,(anonymous_0)
FN:52,(anonymous_1)
FN:58,(anonymous_2)
FN:70,(anonymous_3)
FN:72,(anonymous_4)
FNF:5
FNH:4
FNDA:2,(anonymous_0)
FNDA:4,(anonymous_1)
FNDA:0,(anonymous_2)
FNDA:4,(anonymous_3)
FNDA:4,(anonymous_4)
DA:1,3
DA:3,3
DA:4,3
DA:5,3
DA:7,3
DA:8,2
DA:10,2
DA:11,2
DA:13,2
DA:14,2
DA:16,2
DA:50,2
DA:52,4
DA:53,2
DA:54,2
DA:55,0
DA:58,2
DA:60,2
DA:61,2
DA:62,2
DA:64,2
DA:65,2
DA:66,2
DA:69,2
DA:71,4
DA:72,4
DA:74,2
DA:75,2
DA:76,2
DA:77,2
DA:80,2
DA:81,1
DA:83,1
DA:92,1
DA:96,3
LF:35
LH:34
BRDA:54,0,0,0
BRDA:54,0,1,2
BRDA:61,1,0,2
BRDA:61,1,1,0
BRDA:71,2,0,4
BRDA:71,2,1,4
BRDA:74,3,0,2
BRDA:74,3,1,0
BRF:8
BRH:5
end_of_record
TN:
SF:src/routes/tasks.js
FN:9,(anonymous_0)
FN:13,(anonymous_1)
FN:26,(anonymous_2)
FN:41,(anonymous_3)
FNF:4
FNH:4
FNDA:2,(anonymous_0)
FNDA:2,(anonymous_1)
FNDA:2,(anonymous_2)
FNDA:1,(anonymous_3)
DA:1,3
DA:3,3
DA:4,3
DA:5,3
DA:9,3
DA:10,2
DA:11,2
DA:12,1
DA:13,2
DA:22,1
DA:26,3
DA:27,2
DA:28,2
DA:29,2
DA:30,1
DA:32,1
DA:33,1
DA:34,0
DA:36,1
DA:37,1
DA:38,0
DA:40,1
DA:41,1
DA:42,1
DA:43,1
DA:45,1
DA:46,0
DA:48,1
DA:49,1
DA:56,0
DA:60,3
LF:31
LH:27
BRDA:29,0,0,1
BRDA:29,0,1,1
BRDA:33,1,0,0
BRDA:33,1,1,1
BRDA:37,2,0,0
BRDA:37,2,1,1
BRDA:42,3,0,0
BRDA:42,3,1,1
BRDA:42,4,0,1
BRDA:42,4,1,1
BRDA:45,5,0,0
BRDA:45,5,1,1
BRF:12
BRH:8
end_of_record
