{"/Users/tugcealtacli/Desktop/graduation-project-tugcealtacli-/src/app.js": {"path":"/Users/tugcealtacli/Desktop/graduation-project-tugcealtacli-/src/app.js","statementMap":{"0":{"start":{"line":1,"column":0},"end":{"line":1,"column":26}},"1":{"start":{"line":2,"column":0},"end":{"line":2,"column":32}},"2":{"start":{"line":3,"column":16},"end":{"line":3,"column":34}},"3":{"start":{"line":5,"column":13},"end":{"line":5,"column":28}},"4":{"start":{"line":6,"column":21},"end":{"line":6,"column":45}},"5":{"start":{"line":7,"column":15},"end":{"line":7,"column":32}},"6":{"start":{"line":10,"column":17},"end":{"line":10,"column":38}},"7":{"start":{"line":11,"column":13},"end":{"line":11,"column":30}},"8":{"start":{"line":12,"column":21},"end":{"line":12,"column":47}},"9":{"start":{"line":14,"column":20},"end":{"line":14,"column":45}},"10":{"start":{"line":15,"column":24},"end":{"line":15,"column":53}},"11":{"start":{"line":17,"column":20},"end":{"line":17,"column":45}},"12":{"start":{"line":19,"column":12},"end":{"line":19,"column":21}},"13":{"start":{"line":22,"column":0},"end":{"line":22,"column":47}},"14":{"start":{"line":23,"column":0},"end":{"line":23,"column":29}},"15":{"start":{"line":25,"column":0},"end":{"line":25,"column":22}},"16":{"start":{"line":26,"column":0},"end":{"line":26,"column":23}},"17":{"start":{"line":27,"column":0},"end":{"line":27,"column":48}},"18":{"start":{"line":34,"column":0},"end":{"line":34,"column":23}},"19":{"start":{"line":35,"column":0},"end":{"line":35,"column":55}},"20":{"start":{"line":37,"column":0},"end":{"line":37,"column":25}},"21":{"start":{"line":38,"column":0},"end":{"line":38,"column":38}},"22":{"start":{"line":39,"column":0},"end":{"line":39,"column":30}},"23":{"start":{"line":41,"column":0},"end":{"line":41,"column":20}}},"fnMap":{},"branchMap":{},"s":{"0":3,"1":3,"2":3,"3":3,"4":3,"5":3,"6":3,"7":3,"8":3,"9":3,"10":3,"11":3,"12":3,"13":3,"14":3,"15":3,"16":3,"17":3,"18":3,"19":3,"20":3,"21":3,"22":3,"23":3},"f":{},"b":{},"_coverageSchema":"1a1c01bbd47fc00a2c39e90264f33305004495a9","hash":"c14b0f48a81d7289c35b81c6f083f89e43343f95"}
,"/Users/tugcealtacli/Desktop/graduation-project-tugcealtacli-/src/employee.js": {"path":"/Users/tugcealtacli/Desktop/graduation-project-tugcealtacli-/src/employee.js","statementMap":{"0":{"start":{"line":1,"column":17},"end":{"line":1,"column":36}},"1":{"start":{"line":2,"column":15},"end":{"line":2,"column":32}},"2":{"start":{"line":3,"column":21},"end":{"line":3,"column":53}},"3":{"start":{"line":60,"column":23},"end":{"line":69,"column":1}},"4":{"start":{"line":70,"column":0},"end":{"line":70,"column":35}},"5":{"start":{"line":72,"column":0},"end":{"line":82,"column":1}},"6":{"start":{"line":73,"column":2},"end":{"line":76,"column":3}},"7":{"start":{"line":74,"column":4},"end":{"line":74,"column":79}},"8":{"start":{"line":75,"column":4},"end":{"line":75,"column":16}},"9":{"start":{"line":77,"column":2},"end":{"line":80,"column":3}},"10":{"start":{"line":78,"column":4},"end":{"line":78,"column":91}},"11":{"start":{"line":79,"column":4},"end":{"line":79,"column":16}},"12":{"start":{"line":81,"column":2},"end":{"line":81,"column":13}},"13":{"start":{"line":83,"column":0},"end":{"line":94,"column":1}},"14":{"start":{"line":84,"column":15},"end":{"line":84,"column":37}},"15":{"start":{"line":85,"column":15},"end":{"line":90,"column":4}},"16":{"start":{"line":91,"column":2},"end":{"line":91,"column":23}},"17":{"start":{"line":92,"column":2},"end":{"line":92,"column":19}},"18":{"start":{"line":93,"column":2},"end":{"line":93,"column":13}},"19":{"start":{"line":95,"column":0},"end":{"line":103,"column":1}},"20":{"start":{"line":96,"column":2},"end":{"line":96,"column":19}},"21":{"start":{"line":98,"column":2},"end":{"line":98,"column":25}},"22":{"start":{"line":99,"column":2},"end":{"line":99,"column":75}},"23":{"start":{"line":99,"column":38},"end":{"line":99,"column":74}},"24":{"start":{"line":100,"column":2},"end":{"line":100,"column":19}},"25":{"start":{"line":101,"column":2},"end":{"line":101,"column":19}},"26":{"start":{"line":102,"column":2},"end":{"line":102,"column":83}},"27":{"start":{"line":104,"column":0},"end":{"line":111,"column":1}},"28":{"start":{"line":105,"column":2},"end":{"line":105,"column":19}},"29":{"start":{"line":107,"column":2},"end":{"line":107,"column":18}},"30":{"start":{"line":108,"column":2},"end":{"line":108,"column":19}},"31":{"start":{"line":109,"column":2},"end":{"line":109,"column":19}},"32":{"start":{"line":110,"column":2},"end":{"line":110,"column":84}},"33":{"start":{"line":119,"column":0},"end":{"line":119,"column":59}}},"fnMap":{"0":{"name":"(anonymous_0)","decl":{"start":{"line":72,"column":35},"end":{"line":72,"column":36}},"loc":{"start":{"line":72,"column":63},"end":{"line":82,"column":1}},"line":72},"1":{"name":"(anonymous_1)","decl":{"start":{"line":83,"column":36},"end":{"line":83,"column":37}},"loc":{"start":{"line":83,"column":86},"end":{"line":94,"column":1}},"line":83},"2":{"name":"(anonymous_2)","decl":{"start":{"line":95,"column":38},"end":{"line":95,"column":39}},"loc":{"start":{"line":95,"column":60},"end":{"line":103,"column":1}},"line":95},"3":{"name":"(anonymous_3)","decl":{"start":{"line":99,"column":33},"end":{"line":99,"column":34}},"loc":{"start":{"line":99,"column":38},"end":{"line":99,"column":74}},"line":99},"4":{"name":"(anonymous_4)","decl":{"start":{"line":104,"column":34},"end":{"line":104,"column":35}},"loc":{"start":{"line":104,"column":56},"end":{"line":111,"column":1}},"line":104}},"branchMap":{"0":{"loc":{"start":{"line":73,"column":2},"end":{"line":76,"column":3}},"type":"if","locations":[{"start":{"line":73,"column":2},"end":{"line":76,"column":3}},{"start":{},"end":{}}],"line":73},"1":{"loc":{"start":{"line":77,"column":2},"end":{"line":80,"column":3}},"type":"if","locations":[{"start":{"line":77,"column":2},"end":{"line":80,"column":3}},{"start":{},"end":{}}],"line":77}},"s":{"0":4,"1":4,"2":4,"3":4,"4":4,"5":4,"6":3,"7":1,"8":1,"9":2,"10":1,"11":1,"12":1,"13":4,"14":0,"15":0,"16":0,"17":0,"18":0,"19":4,"20":1,"21":1,"22":1,"23":0,"24":1,"25":1,"26":1,"27":4,"28":1,"29":1,"30":1,"31":1,"32":1,"33":4},"f":{"0":3,"1":0,"2":1,"3":0,"4":1},"b":{"0":[1,2],"1":[1,1]},"_coverageSchema":"1a1c01bbd47fc00a2c39e90264f33305004495a9","hash":"da36c69f3a138e81625a8aa8b8072b48cbc186a4"}
,"/Users/tugcealtacli/Desktop/graduation-project-tugcealtacli-/src/task-reporter.js": {"path":"/Users/tugcealtacli/Desktop/graduation-project-tugcealtacli-/src/task-reporter.js","statementMap":{"0":{"start":{"line":1,"column":15},"end":{"line":1,"column":32}},"1":{"start":{"line":2,"column":18},"end":{"line":2,"column":38}},"2":{"start":{"line":4,"column":24},"end":{"line":9,"column":1}},"3":{"start":{"line":5,"column":16},"end":{"line":5,"column":58}},"4":{"start":{"line":6,"column":23},"end":{"line":6,"column":57}},"5":{"start":{"line":7,"column":21},"end":{"line":7,"column":90}},"6":{"start":{"line":8,"column":2},"end":{"line":8,"column":33}},"7":{"start":{"line":11,"column":0},"end":{"line":11,"column":36}}},"fnMap":{"0":{"name":"(anonymous_0)","decl":{"start":{"line":4,"column":24},"end":{"line":4,"column":25}},"loc":{"start":{"line":4,"column":32},"end":{"line":9,"column":1}},"line":4}},"branchMap":{"0":{"loc":{"start":{"line":5,"column":16},"end":{"line":5,"column":58}},"type":"cond-expr","locations":[{"start":{"line":5,"column":33},"end":{"line":5,"column":54}},{"start":{"line":5,"column":57},"end":{"line":5,"column":58}}],"line":5}},"s":{"0":4,"1":4,"2":4,"3":1,"4":1,"5":1,"6":1,"7":4},"f":{"0":1},"b":{"0":[1,0]},"_coverageSchema":"1a1c01bbd47fc00a2c39e90264f33305004495a9","hash":"0cf5f9d51542bf3618aeeeef475233384fa7e2e1"}
,"/Users/tugcealtacli/Desktop/graduation-project-tugcealtacli-/src/task.js": {"path":"/Users/tugcealtacli/Desktop/graduation-project-tugcealtacli-/src/task.js","statementMap":{"0":{"start":{"line":33,"column":17},"end":{"line":33,"column":36}},"1":{"start":{"line":34,"column":21},"end":{"line":34,"column":53}},"2":{"start":{"line":36,"column":19},"end":{"line":47,"column":1}},"3":{"start":{"line":48,"column":0},"end":{"line":48,"column":31}},"4":{"start":{"line":49,"column":0},"end":{"line":63,"column":2}},"5":{"start":{"line":51,"column":4},"end":{"line":53,"column":26}},"6":{"start":{"line":52,"column":32},"end":{"line":52,"column":38}},"7":{"start":{"line":54,"column":21},"end":{"line":54,"column":79}},"8":{"start":{"line":55,"column":2},"end":{"line":62,"column":1}},"9":{"start":{"line":64,"column":0},"end":{"line":64,"column":51}}},"fnMap":{"0":{"name":"(anonymous_0)","decl":{"start":{"line":49,"column":33},"end":{"line":49,"column":34}},"loc":{"start":{"line":49,"column":45},"end":{"line":63,"column":1}},"line":49},"1":{"name":"(anonymous_1)","decl":{"start":{"line":52,"column":27},"end":{"line":52,"column":28}},"loc":{"start":{"line":52,"column":32},"end":{"line":52,"column":38}},"line":52}},"branchMap":{"0":{"loc":{"start":{"line":51,"column":4},"end":{"line":53,"column":26}},"type":"cond-expr","locations":[{"start":{"line":52,"column":8},"end":{"line":52,"column":50}},{"start":{"line":53,"column":8},"end":{"line":53,"column":26}}],"line":51},"1":{"loc":{"start":{"line":51,"column":4},"end":{"line":51,"column":65}},"type":"binary-expr","locations":[{"start":{"line":51,"column":4},"end":{"line":51,"column":18}},{"start":{"line":51,"column":22},"end":{"line":51,"column":39}},{"start":{"line":51,"column":43},"end":{"line":51,"column":65}}],"line":51},"2":{"loc":{"start":{"line":54,"column":21},"end":{"line":54,"column":79}},"type":"cond-expr","locations":[{"start":{"line":54,"column":55},"end":{"line":54,"column":71}},{"start":{"line":54,"column":74},"end":{"line":54,"column":79}}],"line":54},"3":{"loc":{"start":{"line":54,"column":21},"end":{"line":54,"column":52}},"type":"binary-expr","locations":[{"start":{"line":54,"column":21},"end":{"line":54,"column":32}},{"start":{"line":54,"column":36},"end":{"line":54,"column":52}}],"line":54},"4":{"loc":{"start":{"line":58,"column":14},"end":{"line":58,"column":63}},"type":"cond-expr","locations":[{"start":{"line":58,"column":33},"end":{"line":58,"column":46}},{"start":{"line":58,"column":49},"end":{"line":58,"column":63}}],"line":58}},"s":{"0":4,"1":4,"2":4,"3":4,"4":4,"5":5,"6":0,"7":5,"8":5,"9":4},"f":{"0":5,"1":0},"b":{"0":[0,5],"1":[5,5,0],"2":[0,5],"3":[5,0],"4":[2,3]},"_coverageSchema":"1a1c01bbd47fc00a2c39e90264f33305004495a9","hash":"3d5e3fc88cdde44750100e27df656ad452475f70"}
,"/Users/tugcealtacli/Desktop/graduation-project-tugcealtacli-/src/routes/employees.js": {"path":"/Users/tugcealtacli/Desktop/graduation-project-tugcealtacli-/src/routes/employees.js","statementMap":{"0":{"start":{"line":1,"column":16},"end":{"line":1,"column":34}},"1":{"start":{"line":3,"column":15},"end":{"line":3,"column":31}},"2":{"start":{"line":4,"column":17},"end":{"line":4,"column":39}},"3":{"start":{"line":6,"column":0},"end":{"line":21,"column":2}},"4":{"start":{"line":7,"column":2},"end":{"line":20,"column":3}},"5":{"start":{"line":8,"column":22},"end":{"line":8,"column":73}},"6":{"start":{"line":9,"column":4},"end":{"line":17,"column":5}},"7":{"start":{"line":10,"column":37},"end":{"line":16,"column":7}},"8":{"start":{"line":19,"column":4},"end":{"line":19,"column":66}},"9":{"start":{"line":24,"column":0},"end":{"line":39,"column":2}},"10":{"start":{"line":25,"column":2},"end":{"line":38,"column":3}},"11":{"start":{"line":26,"column":22},"end":{"line":26,"column":43}},"12":{"start":{"line":27,"column":4},"end":{"line":35,"column":5}},"13":{"start":{"line":28,"column":28},"end":{"line":34,"column":7}},"14":{"start":{"line":33,"column":34},"end":{"line":33,"column":41}},"15":{"start":{"line":37,"column":4},"end":{"line":37,"column":68}},"16":{"start":{"line":41,"column":0},"end":{"line":48,"column":2}},"17":{"start":{"line":42,"column":2},"end":{"line":47,"column":3}},"18":{"start":{"line":43,"column":21},"end":{"line":43,"column":52}},"19":{"start":{"line":44,"column":4},"end":{"line":44,"column":101}},"20":{"start":{"line":46,"column":4},"end":{"line":46,"column":64}},"21":{"start":{"line":50,"column":0},"end":{"line":71,"column":2}},"22":{"start":{"line":51,"column":2},"end":{"line":70,"column":3}},"23":{"start":{"line":52,"column":21},"end":{"line":52,"column":70}},"24":{"start":{"line":53,"column":4},"end":{"line":55,"column":5}},"25":{"start":{"line":54,"column":6},"end":{"line":54,"column":56}},"26":{"start":{"line":56,"column":49},"end":{"line":56,"column":57}},"27":{"start":{"line":57,"column":29},"end":{"line":57,"column":58}},"28":{"start":{"line":58,"column":4},"end":{"line":60,"column":5}},"29":{"start":{"line":59,"column":6},"end":{"line":59,"column":108}},"30":{"start":{"line":61,"column":17},"end":{"line":61,"column":76}},"31":{"start":{"line":62,"column":4},"end":{"line":67,"column":6}},"32":{"start":{"line":69,"column":4},"end":{"line":69,"column":70}},"33":{"start":{"line":73,"column":0},"end":{"line":91,"column":2}},"34":{"start":{"line":74,"column":2},"end":{"line":90,"column":3}},"35":{"start":{"line":75,"column":19},"end":{"line":75,"column":74}},"36":{"start":{"line":76,"column":17},"end":{"line":76,"column":70}},"37":{"start":{"line":77,"column":4},"end":{"line":79,"column":5}},"38":{"start":{"line":78,"column":6},"end":{"line":78,"column":79}},"39":{"start":{"line":80,"column":4},"end":{"line":82,"column":5}},"40":{"start":{"line":81,"column":6},"end":{"line":81,"column":79}},"41":{"start":{"line":83,"column":4},"end":{"line":83,"column":31}},"42":{"start":{"line":84,"column":4},"end":{"line":87,"column":6}},"43":{"start":{"line":89,"column":4},"end":{"line":89,"column":90}},"44":{"start":{"line":93,"column":0},"end":{"line":93,"column":23}}},"fnMap":{"0":{"name":"(anonymous_0)","decl":{"start":{"line":6,"column":27},"end":{"line":6,"column":28}},"loc":{"start":{"line":6,"column":47},"end":{"line":21,"column":1}},"line":6},"1":{"name":"(anonymous_1)","decl":{"start":{"line":10,"column":20},"end":{"line":10,"column":21}},"loc":{"start":{"line":10,"column":37},"end":{"line":16,"column":7}},"line":10},"2":{"name":"(anonymous_2)","decl":{"start":{"line":24,"column":16},"end":{"line":24,"column":17}},"loc":{"start":{"line":24,"column":36},"end":{"line":39,"column":1}},"line":24},"3":{"name":"(anonymous_3)","decl":{"start":{"line":28,"column":20},"end":{"line":28,"column":21}},"loc":{"start":{"line":28,"column":28},"end":{"line":34,"column":7}},"line":28},"4":{"name":"(anonymous_4)","decl":{"start":{"line":33,"column":29},"end":{"line":33,"column":30}},"loc":{"start":{"line":33,"column":34},"end":{"line":33,"column":41}},"line":33},"5":{"name":"(anonymous_5)","decl":{"start":{"line":41,"column":17},"end":{"line":41,"column":18}},"loc":{"start":{"line":41,"column":37},"end":{"line":48,"column":1}},"line":41},"6":{"name":"(anonymous_6)","decl":{"start":{"line":50,"column":28},"end":{"line":50,"column":29}},"loc":{"start":{"line":50,"column":48},"end":{"line":71,"column":1}},"line":50},"7":{"name":"(anonymous_7)","decl":{"start":{"line":73,"column":43},"end":{"line":73,"column":44}},"loc":{"start":{"line":73,"column":63},"end":{"line":91,"column":1}},"line":73}},"branchMap":{"0":{"loc":{"start":{"line":53,"column":4},"end":{"line":55,"column":5}},"type":"if","locations":[{"start":{"line":53,"column":4},"end":{"line":55,"column":5}},{"start":{},"end":{}}],"line":53},"1":{"loc":{"start":{"line":58,"column":4},"end":{"line":60,"column":5}},"type":"if","locations":[{"start":{"line":58,"column":4},"end":{"line":60,"column":5}},{"start":{},"end":{}}],"line":58},"2":{"loc":{"start":{"line":77,"column":4},"end":{"line":79,"column":5}},"type":"if","locations":[{"start":{"line":77,"column":4},"end":{"line":79,"column":5}},{"start":{},"end":{}}],"line":77},"3":{"loc":{"start":{"line":80,"column":4},"end":{"line":82,"column":5}},"type":"if","locations":[{"start":{"line":80,"column":4},"end":{"line":82,"column":5}},{"start":{},"end":{}}],"line":80}},"s":{"0":3,"1":3,"2":3,"3":3,"4":1,"5":1,"6":1,"7":2,"8":0,"9":3,"10":1,"11":1,"12":1,"13":1,"14":0,"15":0,"16":3,"17":1,"18":1,"19":1,"20":0,"21":3,"22":3,"23":3,"24":3,"25":1,"26":2,"27":2,"28":2,"29":1,"30":1,"31":1,"32":0,"33":3,"34":1,"35":1,"36":1,"37":1,"38":0,"39":1,"40":0,"41":1,"42":1,"43":0,"44":3},"f":{"0":1,"1":2,"2":1,"3":1,"4":0,"5":1,"6":3,"7":1},"b":{"0":[1,2],"1":[1,1],"2":[0,1],"3":[0,1]},"_coverageSchema":"1a1c01bbd47fc00a2c39e90264f33305004495a9","hash":"4e250a993750c1ebfb16dacafd55ea60b574e066"}
,"/Users/tugcealtacli/Desktop/graduation-project-tugcealtacli-/src/routes/index.js": {"path":"/Users/tugcealtacli/Desktop/graduation-project-tugcealtacli-/src/routes/index.js","statementMap":{"0":{"start":{"line":1,"column":16},"end":{"line":1,"column":34}},"1":{"start":{"line":3,"column":15},"end":{"line":3,"column":31}},"2":{"start":{"line":4,"column":17},"end":{"line":4,"column":39}},"3":{"start":{"line":5,"column":13},"end":{"line":5,"column":31}},"4":{"start":{"line":7,"column":0},"end":{"line":94,"column":2}},"5":{"start":{"line":8,"column":2},"end":{"line":93,"column":3}},"6":{"start":{"line":10,"column":4},"end":{"line":10,"column":33}},"7":{"start":{"line":11,"column":4},"end":{"line":11,"column":29}},"8":{"start":{"line":13,"column":4},"end":{"line":13,"column":79}},"9":{"start":{"line":14,"column":4},"end":{"line":14,"column":80}},"10":{"start":{"line":16,"column":21},"end":{"line":16,"column":105}},"11":{"start":{"line":50,"column":22},"end":{"line":50,"column":45}},"12":{"start":{"line":52,"column":30},"end":{"line":52,"column":78}},"13":{"start":{"line":52,"column":54},"end":{"line":52,"column":77}},"14":{"start":{"line":53,"column":28},"end":{"line":53,"column":30}},"15":{"start":{"line":54,"column":4},"end":{"line":67,"column":5}},"16":{"start":{"line":55,"column":6},"end":{"line":55,"column":69}},"17":{"start":{"line":58,"column":27},"end":{"line":58,"column":91}},"18":{"start":{"line":58,"column":60},"end":{"line":58,"column":87}},"19":{"start":{"line":60,"column":6},"end":{"line":60,"column":47}},"20":{"start":{"line":61,"column":6},"end":{"line":63,"column":7}},"21":{"start":{"line":62,"column":8},"end":{"line":62,"column":45}},"22":{"start":{"line":64,"column":6},"end":{"line":64,"column":31}},"23":{"start":{"line":65,"column":6},"end":{"line":65,"column":27}},"24":{"start":{"line":66,"column":6},"end":{"line":66,"column":90}},"25":{"start":{"line":69,"column":29},"end":{"line":73,"column":5}},"26":{"start":{"line":71,"column":8},"end":{"line":72,"column":74}},"27":{"start":{"line":72,"column":38},"end":{"line":72,"column":73}},"28":{"start":{"line":74,"column":4},"end":{"line":78,"column":5}},"29":{"start":{"line":75,"column":21},"end":{"line":75,"column":40}},"30":{"start":{"line":76,"column":6},"end":{"line":76,"column":34}},"31":{"start":{"line":77,"column":6},"end":{"line":77,"column":27}},"32":{"start":{"line":80,"column":27},"end":{"line":80,"column":60}},"33":{"start":{"line":81,"column":25},"end":{"line":81,"column":48}},"34":{"start":{"line":83,"column":4},"end":{"line":90,"column":6}},"35":{"start":{"line":92,"column":4},"end":{"line":92,"column":59}},"36":{"start":{"line":96,"column":0},"end":{"line":96,"column":23}}},"fnMap":{"0":{"name":"(anonymous_0)","decl":{"start":{"line":7,"column":16},"end":{"line":7,"column":17}},"loc":{"start":{"line":7,"column":42},"end":{"line":94,"column":1}},"line":7},"1":{"name":"(anonymous_1)","decl":{"start":{"line":52,"column":47},"end":{"line":52,"column":48}},"loc":{"start":{"line":52,"column":54},"end":{"line":52,"column":77}},"line":52},"2":{"name":"(anonymous_2)","decl":{"start":{"line":58,"column":50},"end":{"line":58,"column":51}},"loc":{"start":{"line":58,"column":60},"end":{"line":58,"column":87}},"line":58},"3":{"name":"(anonymous_3)","decl":{"start":{"line":70,"column":6},"end":{"line":70,"column":7}},"loc":{"start":{"line":71,"column":8},"end":{"line":72,"column":74}},"line":71},"4":{"name":"(anonymous_4)","decl":{"start":{"line":72,"column":33},"end":{"line":72,"column":34}},"loc":{"start":{"line":72,"column":38},"end":{"line":72,"column":73}},"line":72}},"branchMap":{"0":{"loc":{"start":{"line":54,"column":4},"end":{"line":67,"column":5}},"type":"if","locations":[{"start":{"line":54,"column":4},"end":{"line":67,"column":5}},{"start":{"line":56,"column":11},"end":{"line":67,"column":5}}],"line":54},"1":{"loc":{"start":{"line":61,"column":6},"end":{"line":63,"column":7}},"type":"if","locations":[{"start":{"line":61,"column":6},"end":{"line":63,"column":7}},{"start":{},"end":{}}],"line":61},"2":{"loc":{"start":{"line":71,"column":8},"end":{"line":72,"column":74}},"type":"binary-expr","locations":[{"start":{"line":71,"column":8},"end":{"line":71,"column":76}},{"start":{"line":72,"column":8},"end":{"line":72,"column":74}}],"line":71},"3":{"loc":{"start":{"line":74,"column":4},"end":{"line":78,"column":5}},"type":"if","locations":[{"start":{"line":74,"column":4},"end":{"line":78,"column":5}},{"start":{},"end":{}}],"line":74}},"s":{"0":3,"1":3,"2":3,"3":3,"4":3,"5":2,"6":2,"7":2,"8":2,"9":2,"10":2,"11":2,"12":2,"13":4,"14":2,"15":2,"16":0,"17":2,"18":0,"19":2,"20":2,"21":2,"22":2,"23":2,"24":2,"25":2,"26":4,"27":4,"28":2,"29":2,"30":2,"31":2,"32":2,"33":1,"34":1,"35":1,"36":3},"f":{"0":2,"1":4,"2":0,"3":4,"4":4},"b":{"0":[0,2],"1":[2,0],"2":[4,4],"3":[2,0]},"_coverageSchema":"1a1c01bbd47fc00a2c39e90264f33305004495a9","hash":"347c4bba226dd9b5480c1db96e2abb95e69a67fe"}
,"/Users/tugcealtacli/Desktop/graduation-project-tugcealtacli-/src/routes/tasks.js": {"path":"/Users/tugcealtacli/Desktop/graduation-project-tugcealtacli-/src/routes/tasks.js","statementMap":{"0":{"start":{"line":1,"column":16},"end":{"line":1,"column":34}},"1":{"start":{"line":3,"column":15},"end":{"line":3,"column":31}},"2":{"start":{"line":4,"column":13},"end":{"line":4,"column":31}},"3":{"start":{"line":5,"column":17},"end":{"line":5,"column":39}},"4":{"start":{"line":9,"column":0},"end":{"line":24,"column":2}},"5":{"start":{"line":10,"column":2},"end":{"line":23,"column":3}},"6":{"start":{"line":11,"column":18},"end":{"line":11,"column":35}},"7":{"start":{"line":12,"column":4},"end":{"line":20,"column":5}},"8":{"start":{"line":13,"column":25},"end":{"line":19,"column":7}},"9":{"start":{"line":22,"column":4},"end":{"line":22,"column":66}},"10":{"start":{"line":26,"column":0},"end":{"line":58,"column":2}},"11":{"start":{"line":27,"column":2},"end":{"line":57,"column":3}},"12":{"start":{"line":28,"column":29},"end":{"line":28,"column":37}},"13":{"start":{"line":29,"column":4},"end":{"line":31,"column":5}},"14":{"start":{"line":30,"column":6},"end":{"line":30,"column":69}},"15":{"start":{"line":32,"column":17},"end":{"line":32,"column":55}},"16":{"start":{"line":33,"column":4},"end":{"line":35,"column":5}},"17":{"start":{"line":34,"column":6},"end":{"line":34,"column":65}},"18":{"start":{"line":36,"column":21},"end":{"line":36,"column":67}},"19":{"start":{"line":37,"column":4},"end":{"line":39,"column":5}},"20":{"start":{"line":38,"column":6},"end":{"line":38,"column":67}},"21":{"start":{"line":40,"column":22},"end":{"line":40,"column":41}},"22":{"start":{"line":41,"column":20},"end":{"line":44,"column":6}},"23":{"start":{"line":42,"column":17},"end":{"line":42,"column":39}},"24":{"start":{"line":43,"column":6},"end":{"line":43,"column":40}},"25":{"start":{"line":45,"column":4},"end":{"line":47,"column":5}},"26":{"start":{"line":46,"column":6},"end":{"line":46,"column":79}},"27":{"start":{"line":48,"column":4},"end":{"line":48,"column":37}},"28":{"start":{"line":49,"column":4},"end":{"line":54,"column":6}},"29":{"start":{"line":56,"column":4},"end":{"line":56,"column":82}},"30":{"start":{"line":60,"column":0},"end":{"line":60,"column":23}}},"fnMap":{"0":{"name":"(anonymous_0)","decl":{"start":{"line":9,"column":16},"end":{"line":9,"column":17}},"loc":{"start":{"line":9,"column":36},"end":{"line":24,"column":1}},"line":9},"1":{"name":"(anonymous_1)","decl":{"start":{"line":13,"column":16},"end":{"line":13,"column":17}},"loc":{"start":{"line":13,"column":25},"end":{"line":19,"column":7}},"line":13},"2":{"name":"(anonymous_2)","decl":{"start":{"line":26,"column":34},"end":{"line":26,"column":35}},"loc":{"start":{"line":26,"column":54},"end":{"line":58,"column":1}},"line":26},"3":{"name":"(anonymous_3)","decl":{"start":{"line":41,"column":40},"end":{"line":41,"column":41}},"loc":{"start":{"line":41,"column":45},"end":{"line":44,"column":5}},"line":41}},"branchMap":{"0":{"loc":{"start":{"line":29,"column":4},"end":{"line":31,"column":5}},"type":"if","locations":[{"start":{"line":29,"column":4},"end":{"line":31,"column":5}},{"start":{},"end":{}}],"line":29},"1":{"loc":{"start":{"line":33,"column":4},"end":{"line":35,"column":5}},"type":"if","locations":[{"start":{"line":33,"column":4},"end":{"line":35,"column":5}},{"start":{},"end":{}}],"line":33},"2":{"loc":{"start":{"line":37,"column":4},"end":{"line":39,"column":5}},"type":"if","locations":[{"start":{"line":37,"column":4},"end":{"line":39,"column":5}},{"start":{},"end":{}}],"line":37},"3":{"loc":{"start":{"line":42,"column":17},"end":{"line":42,"column":39}},"type":"cond-expr","locations":[{"start":{"line":42,"column":30},"end":{"line":42,"column":35}},{"start":{"line":42,"column":38},"end":{"line":42,"column":39}}],"line":42},"4":{"loc":{"start":{"line":42,"column":17},"end":{"line":42,"column":27}},"type":"binary-expr","locations":[{"start":{"line":42,"column":17},"end":{"line":42,"column":18}},{"start":{"line":42,"column":22},"end":{"line":42,"column":27}}],"line":42},"5":{"loc":{"start":{"line":45,"column":4},"end":{"line":47,"column":5}},"type":"if","locations":[{"start":{"line":45,"column":4},"end":{"line":47,"column":5}},{"start":{},"end":{}}],"line":45}},"s":{"0":3,"1":3,"2":3,"3":3,"4":3,"5":2,"6":2,"7":1,"8":2,"9":1,"10":3,"11":2,"12":2,"13":2,"14":1,"15":1,"16":1,"17":0,"18":1,"19":1,"20":0,"21":1,"22":1,"23":1,"24":1,"25":1,"26":0,"27":1,"28":1,"29":0,"30":3},"f":{"0":2,"1":2,"2":2,"3":1},"b":{"0":[1,1],"1":[0,1],"2":[0,1],"3":[0,1],"4":[1,1],"5":[0,1]},"_coverageSchema":"1a1c01bbd47fc00a2c39e90264f33305004495a9","hash":"4d3b6aff9b60d40843ed2bcd7025e3c91edfda1e"}
}
